Line 19: Class MSAdodcLib.Adodc of control Data1 was not a loaded control class.
Line 24: The property name _ExtentX in Data1 is invalid.
Line 25: The property name _ExtentY in Data1 is invalid.
Line 26: The property name ConnectMode in Data1 is invalid.
Line 27: The property name CursorLocation in Data1 is invalid.
Line 28: The property name IsolationLevel in Data1 is invalid.
Line 29: The property name ConnectionTimeout in Data1 is invalid.
Line 30: The property name CommandTimeout in Data1 is invalid.
Line 31: The property name CursorType in Data1 is invalid.
Line 32: The property name LockType in Data1 is invalid.
Line 33: The property name CommandType in Data1 is invalid.
Line 34: The property name CursorOptions in Data1 is invalid.
Line 35: The property name CacheSize in Data1 is invalid.
Line 36: The property name MaxRecords in Data1 is invalid.
Line 37: The property name BOFAction in Data1 is invalid.
Line 38: The property name EOFAction in Data1 is invalid.
Line 39: The property name ConnectStringType in Data1 is invalid.
Line 43: The property name Orientation in Data1 is invalid.
Line 45: The property name Connect in Data1 is invalid.
Line 46: The property name OLEDBString in Data1 is invalid.
Line 47: The property name OLEDBFile in Data1 is invalid.
Line 48: The property name DataSourceName in Data1 is invalid.
Line 49: The property name OtherAttributes in Data1 is invalid.
Line 50: The property name UserName in Data1 is invalid.
Line 51: The property name Password in Data1 is invalid.
Line 52: The property name RecordSource in Data1 is invalid.
Line 53: The property name Caption in Data1 is invalid.
Line 63: The property name _Version in Data1 is invalid.
